# JRE version: OpenJDK Runtime Environment (17.0+35) (build 17+35-2724)
# Java VM: OpenJDK 64-Bit Server VM (17+35-2724, mixed mode, tiered, compressed oops, compressed class ptrs, g1 gc, windows-amd64)
GC Precious Log:
 CPUs: 4 total, 4 available
 Memory: 3970M
 Large Page Support: Disabled
 NUMA Support: Disabled
 Compressed Oops: Enabled (32-bit)
 Heap Region Size: 1M
 Heap Min Capacity: 8M
 Heap Initial Capacity: 64M
 Heap Max Capacity: 256M
 Pre-touch: Disabled
 Parallel Workers: 4
 Concurrent Workers: 1
 Concurrent Refinement Workers: 4
 Periodic GC: Disabled
Heap:
 garbage-first heap   total 262144K, used 261242K [0x00000000f0000000, 0x0000000100000000)
  region size 1024K, 0 young (0K), 0 survivors (0K)
 Metaspace       used 41441K, committed 41792K, reserved 1089536K
  class space    used 5190K, committed 5376K, reserved 1048576K
GC Heap History (20 events):
Event: 1045.974 GC heap before
{Heap before GC invocations=566 (full 173):
 garbage-first heap   total 262144K, used 261242K [0x00000000f0000000, 0x0000000100000000)
  region size 1024K, 0 young (0K), 0 survivors (0K)
 Metaspace       used 41441K, committed 41792K, reserved 1089536K
  class space    used 5190K, committed 5376K, reserved 1048576K
}
Event: 1046.525 GC heap after
{Heap after GC invocations=567 (full 174):
 garbage-first heap   total 262144K, used 261242K [0x00000000f0000000, 0x0000000100000000)
  region size 1024K, 0 young (0K), 0 survivors (0K)
 Metaspace       used 41441K, committed 41792K, reserved 1089536K
  class space    used 5190K, committed 5376K, reserved 1048576K
}
Event: 1046.529 GC heap before
{Heap before GC invocations=567 (full 174):
 garbage-first heap   total 262144K, used 261242K [0x00000000f0000000, 0x0000000100000000)
  region size 1024K, 0 young (0K), 0 survivors (0K)
 Metaspace       used 41441K, committed 41792K, reserved 1089536K
  class space    used 5190K, committed 5376K, reserved 1048576K
}
Event: 1046.530 GC heap after
{Heap after GC invocations=568 (full 174):
 garbage-first heap   total 262144K, used 261242K [0x00000000f0000000, 0x0000000100000000)
  region size 1024K, 0 young (0K), 0 survivors (0K)
 Metaspace       used 41441K, committed 41792K, reserved 1089536K
  class space    used 5190K, committed 5376K, reserved 1048576K
}
Event: 1046.530 GC heap before
{Heap before GC invocations=568 (full 174):
 garbage-first heap   total 262144K, used 261242K [0x00000000f0000000, 0x0000000100000000)
  region size 1024K, 0 young (0K), 0 survivors (0K)
 Metaspace       used 41441K, committed 41792K, reserved 1089536K
  class space    used 5190K, committed 5376K, reserved 1048576K
}
Event: 1046.981 GC heap after
{Heap after GC invocations=569 (full 175):
 garbage-first heap   total 262144K, used 261242K [0x00000000f0000000, 0x0000000100000000)
  region size 1024K, 0 young (0K), 0 survivors (0K)
 Metaspace       used 41441K, committed 41792K, reserved 1089536K
  class space    used 5190K, committed 5376K, reserved 1048576K
}
Event: 1046.982 GC heap before
{Heap before GC invocations=569 (full 175):
 garbage-first heap   total 262144K, used 261242K [0x00000000f0000000, 0x0000000100000000)
  region size 1024K, 0 young (0K), 0 survivors (0K)
 Metaspace       used 41441K, committed 41792K, reserved 1089536K
  class space    used 5190K, committed 5376K, reserved 1048576K
}
Event: 1047.521 GC heap after
{Heap after GC invocations=570 (full 176):
 garbage-first heap   total 262144K, used 261242K [0x00000000f0000000, 0x0000000100000000)
  region size 1024K, 0 young (0K), 0 survivors (0K)
 Metaspace       used 41441K, committed 41792K, reserved 1089536K
  class space    used 5190K, committed 5376K, reserved 1048576K
}
Event: 1047.522 GC heap before
{Heap before GC invocations=570 (full 176):
 garbage-first heap   total 262144K, used 261242K [0x00000000f0000000, 0x0000000100000000)
  region size 1024K, 0 young (0K), 0 survivors (0K)
 Metaspace       used 41441K, committed 41792K, reserved 1089536K
  class space    used 5190K, committed 5376K, reserved 1048576K
}
Event: 1047.523 GC heap after
{Heap after GC invocations=571 (full 176):
 garbage-first heap   total 262144K, used 261242K [0x00000000f0000000, 0x0000000100000000)
  region size 1024K, 0 young (0K), 0 survivors (0K)
 Metaspace       used 41441K, committed 41792K, reserved 1089536K
  class space    used 5190K, committed 5376K, reserved 1048576K
}
Event: 1047.523 GC heap before
{Heap before GC invocations=571 (full 176):
 garbage-first heap   total 262144K, used 261242K [0x00000000f0000000, 0x0000000100000000)
  region size 1024K, 0 young (0K), 0 survivors (0K)
 Metaspace       used 41441K, committed 41792K, reserved 1089536K
  class space    used 5190K, committed 5376K, reserved 1048576K
}
Event: 1047.991 GC heap after
{Heap after GC invocations=572 (full 177):
 garbage-first heap   total 262144K, used 261242K [0x00000000f0000000, 0x0000000100000000)
  region size 1024K, 0 young (0K), 0 survivors (0K)
 Metaspace       used 41441K, committed 41792K, reserved 1089536K
  class space    used 5190K, committed 5376K, reserved 1048576K
}
Event: 1047.992 GC heap before
{Heap before GC invocations=572 (full 177):
 garbage-first heap   total 262144K, used 261242K [0x00000000f0000000, 0x0000000100000000)
  region size 1024K, 0 young (0K), 0 survivors (0K)
 Metaspace       used 41441K, committed 41792K, reserved 1089536K
  class space    used 5190K, committed 5376K, reserved 1048576K
}
Event: 1048.531 GC heap after
{Heap after GC invocations=573 (full 178):
 garbage-first heap   total 262144K, used 261242K [0x00000000f0000000, 0x0000000100000000)
  region size 1024K, 0 young (0K), 0 survivors (0K)
 Metaspace       used 41441K, committed 41792K, reserved 1089536K
  class space    used 5190K, committed 5376K, reserved 1048576K
}
Event: 1048.532 GC heap before
{Heap before GC invocations=573 (full 178):
 garbage-first heap   total 262144K, used 261242K [0x00000000f0000000, 0x0000000100000000)
  region size 1024K, 0 young (0K), 0 survivors (0K)
 Metaspace       used 41441K, committed 41792K, reserved 1089536K
  class space    used 5190K, committed 5376K, reserved 1048576K
}
Event: 1048.532 GC heap after
{Heap after GC invocations=574 (full 178):
 garbage-first heap   total 262144K, used 261242K [0x00000000f0000000, 0x0000000100000000)
  region size 1024K, 0 young (0K), 0 survivors (0K)
 Metaspace       used 41441K, committed 41792K, reserved 1089536K
  class space    used 5190K, committed 5376K, reserved 1048576K
}
Event: 1048.533 GC heap before
{Heap before GC invocations=574 (full 178):
 garbage-first heap   total 262144K, used 261242K [0x00000000f0000000, 0x0000000100000000)
  region size 1024K, 0 young (0K), 0 survivors (0K)
 Metaspace       used 41441K, committed 41792K, reserved 1089536K
  class space    used 5190K, committed 5376K, reserved 1048576K
}
Event: 1048.974 GC heap after
{Heap after GC invocations=575 (full 179):
 garbage-first heap   total 262144K, used 261242K [0x00000000f0000000, 0x0000000100000000)
  region size 1024K, 0 young (0K), 0 survivors (0K)
 Metaspace       used 41441K, committed 41792K, reserved 1089536K
  class space    used 5190K, committed 5376K, reserved 1048576K
}
Event: 1048.975 GC heap before
{Heap before GC invocations=575 (full 179):
 garbage-first heap   total 262144K, used 261242K [0x00000000f0000000, 0x0000000100000000)
  region size 1024K, 0 young (0K), 0 survivors (0K)
 Metaspace       used 41441K, committed 41792K, reserved 1089536K
  class space    used 5190K, committed 5376K, reserved 1048576K
}
Event: 1049.528 GC heap after
{Heap after GC invocations=576 (full 180):
 garbage-first heap   total 262144K, used 261242K [0x00000000f0000000, 0x0000000100000000)
  region size 1024K, 0 young (0K), 0 survivors (0K)
 Metaspace       used 41441K, committed 41792K, reserved 1089536K
  class space    used 5190K, committed 5376K, reserved 1048576K
}

